TN:
SF:src/app/login/page.tsx
FN:29,(anonymous_2)
FNF:1
FNH:1
FNDA:69,(anonymous_2)
DA:4,1
DA:22,1
DA:24,1
DA:25,1
DA:27,1
DA:29,1
DA:31,69
DA:90,14
LF:8
LH:8
BRDA:60,0,0,69
BRDA:76,1,0,69
BRF:2
BRH:2
end_of_record
TN:
SF:src/app/login/styles.tsx
FN:32,(anonymous_18)
FN:43,(anonymous_19)
FN:58,(anonymous_20)
FN:66,(anonymous_21)
FN:74,(anonymous_22)
FN:89,(anonymous_23)
FN:97,(anonymous_24)
FN:108,(anonymous_25)
FN:109,(anonymous_26)
FNF:9
FNH:9
FNDA:69,(anonymous_18)
FNDA:69,(anonymous_19)
FNDA:69,(anonymous_20)
FNDA:69,(anonymous_21)
FNDA:101,(anonymous_22)
FNDA:69,(anonymous_23)
FNDA:69,(anonymous_24)
FNDA:69,(anonymous_25)
FNDA:69,(anonymous_26)
DA:1,1
DA:2,1
DA:4,69
DA:12,69
DA:19,69
DA:25,69
DA:29,69
DA:31,69
DA:32,69
DA:37,69
DA:42,69
DA:43,69
DA:48,69
DA:57,69
DA:58,69
DA:65,69
DA:66,69
DA:73,101
DA:74,101
DA:79,69
DA:88,69
DA:89,69
DA:96,69
DA:97,69
DA:107,69
DA:108,69
DA:109,69
LF:27
LH:27
BRF:0
BRH:0
end_of_record
TN:
SF:src/hooks/useLogin/index.tsx
FN:5,(anonymous_1)
FN:12,(anonymous_2)
FN:29,(anonymous_3)
FN:34,(anonymous_4)
FNF:4
FNH:3
FNDA:86,(anonymous_1)
FNDA:63,(anonymous_2)
FNDA:86,(anonymous_3)
FNDA:0,(anonymous_4)
DA:1,2
DA:3,2
DA:5,86
DA:6,86
DA:7,86
DA:9,86
DA:11,86
DA:13,63
DA:14,63
DA:16,34
DA:17,34
DA:19,28
DA:20,28
DA:22,1
DA:24,63
DA:29,86
DA:30,86
DA:31,63
DA:34,86
DA:36,0
DA:38,0
DA:40,0
DA:44,86
LF:23
LH:20
BRDA:13,0,0,63
BRDA:13,0,1,0
BRDA:14,1,0,34
BRDA:14,1,1,28
BRDA:14,1,2,1
BRDA:24,2,0,15
BRDA:30,3,0,23
BRDA:36,4,0,0
BRDA:36,4,1,0
BRDA:38,5,0,0
BRF:10
BRH:6
end_of_record
TN:
SF:src/theme/index.ts
FNF:0
FNH:0
DA:1,1
DA:3,14
LF:2
LH:2
BRF:0
BRH:0
end_of_record
TN:
SF:src/theme/types.ts
FN:1,(anonymous_3)
FN:15,(anonymous_4)
FNF:2
FNH:2
FNDA:1,(anonymous_3)
FNDA:1,(anonymous_4)
DA:1,1
DA:15,1
LF:2
LH:2
BRDA:1,0,0,1
BRDA:1,0,1,1
BRDA:15,1,0,1
BRDA:15,1,1,1
BRF:4
BRH:4
end_of_record
TN:
SF:src/utils/index.ts
FN:3,(anonymous_4)
FN:10,(anonymous_5)
FN:13,(anonymous_6)
FNF:3
FNH:3
FNDA:63,(anonymous_4)
FNDA:63,(anonymous_5)
FNDA:63,(anonymous_6)
DA:3,2
DA:4,63
DA:10,2
DA:11,63
DA:13,63
DA:14,63
DA:18,63
DA:19,60
DA:22,63
DA:23,49
DA:26,63
DA:27,55
DA:32,63
LF:13
LH:13
BRDA:18,0,0,60
BRDA:22,1,0,49
BRDA:26,2,0,55
BRF:3
BRH:3
end_of_record
